<?xml version="1.0" encoding="UTF-8"?>
<!-- Generated by org.testng.reporters.JUnitXMLReporter -->
<testsuite hostname="DESKTOP-B75F35K" ignored="0" name="Default test" tests="18" failures="1" timestamp="01 Aug 2018 20:00:39 GMT" time="1780.117" errors="0">
  <testcase name="MT729" time="488.65" classname="regressionTestSuite.OldRegressionTestcase"/>
  <testcase name="MT839" time="286.334" classname="regressionTestSuite.OldRegressionTestcase"/>
  <testcase name="MT1535" time="222.595" classname="regressionTestSuite.OldRegressionTestcase"/>
  <testcase name="MT1526" time="-1399.822" classname="regressionTestSuite.OldRegressionTestcase"/>
  <testcase name="MT728" time="122.417" classname="regressionTestSuite.OldRegressionTestcase"/>
  <testcase name="MT730" time="139.078" classname="regressionTestSuite.OldRegressionTestcase"/>
  <testcase name="MT731" time="170.903" classname="regressionTestSuite.OldRegressionTestcase"/>
  <testcase name="MT837" time="248.494" classname="regressionTestSuite.OldRegressionTestcase"/>
  <testcase name="MT840" time="36.162" classname="regressionTestSuite.OldRegressionTestcase"/>
  <testcase name="MT1519" time="81.427" classname="regressionTestSuite.OldRegressionTestcase"/>
  <testcase name="MT1520" time="48.07" classname="regressionTestSuite.OldRegressionTestcase"/>
  <testcase name="MT1521" time="75.366" classname="regressionTestSuite.OldRegressionTestcase">
    <failure type="org.openqa.selenium.ElementNotInteractableException" message="Element &amp;lt;button class=&amp;quot;btn btn-default&amp;quot; type=&amp;quot;button&amp;quot;&amp;gt; could not be scrolled into view
Build info: version: &amp;apos;3.11.0&amp;apos;, revision: &amp;apos;e59cfb3&amp;apos;, time: &amp;apos;2018-03-11T20:26:55.152Z&amp;apos;
System info: host: &amp;apos;DESKTOP-B75F35K&amp;apos;, ip: &amp;apos;10.0.2.15&amp;apos;, os.name: &amp;apos;Windows 10&amp;apos;, os.arch: &amp;apos;amd64&amp;apos;, os.version: &amp;apos;10.0&amp;apos;, java.version: &amp;apos;1.8.0_171&amp;apos;
Driver info: org.openqa.selenium.firefox.FirefoxDriver
Capabilities {acceptInsecureCerts: true, browserName: firefox, browserVersion: 61.0.1, javascriptEnabled: true, moz:accessibilityChecks: false, moz:headless: false, moz:processID: 69440, moz:profile: C:\Users\bilaw\AppData\Loca..., moz:useNonSpecCompliantPointerOrigin: false, moz:webdriverClick: true, pageLoadStrategy: normal, platform: XP, platformName: XP, platformVersion: 10.0, rotatable: false, timeouts: {implicit: 0, pageLoad: 300000, script: 30000}}
Session ID: 87b497b4-b449-4d77-8d9f-0a6f9965952f">
      <![CDATA[org.openqa.selenium.ElementNotInteractableException: Element <button class="btn btn-default" type="button"> could not be scrolled into viewBuild info: version: '3.11.0', revision: 'e59cfb3', time: '2018-03-11T20:26:55.152Z'System info: host: 'DESKTOP-B75F35K', ip: '10.0.2.15', os.name: 'Windows 10', os.arch: 'amd64', os.version: '10.0', java.version: '1.8.0_171'Driver info: org.openqa.selenium.firefox.FirefoxDriverCapabilities {acceptInsecureCerts: true, browserName: firefox, browserVersion: 61.0.1, javascriptEnabled: true, moz:accessibilityChecks: false, moz:headless: false, moz:processID: 69440, moz:profile: C:\Users\bilaw\AppData\Loca..., moz:useNonSpecCompliantPointerOrigin: false, moz:webdriverClick: true, pageLoadStrategy: normal, platform: XP, platformName: XP, platformVersion: 10.0, rotatable: false, timeouts: {implicit: 0, pageLoad: 300000, script: 30000}}Session ID: 87b497b4-b449-4d77-8d9f-0a6f9965952fat sun.reflect.NativeConstructorAccessorImpl.newInstance0(Native Method)at sun.reflect.NativeConstructorAccessorImpl.newInstance(Unknown Source)at sun.reflect.DelegatingConstructorAccessorImpl.newInstance(Unknown Source)at java.lang.reflect.Constructor.newInstance(Unknown Source)at org.openqa.selenium.remote.http.W3CHttpResponseCodec.createException(W3CHttpResponseCodec.java:187)at org.openqa.selenium.remote.http.W3CHttpResponseCodec.decode(W3CHttpResponseCodec.java:122)at org.openqa.selenium.remote.http.W3CHttpResponseCodec.decode(W3CHttpResponseCodec.java:49)at org.openqa.selenium.remote.HttpCommandExecutor.execute(HttpCommandExecutor.java:158)at org.openqa.selenium.remote.service.DriverCommandExecutor.execute(DriverCommandExecutor.java:83)at org.openqa.selenium.remote.RemoteWebDriver.execute(RemoteWebDriver.java:545)at org.openqa.selenium.remote.RemoteWebElement.execute(RemoteWebElement.java:279)at org.openqa.selenium.remote.RemoteWebElement.click(RemoteWebElement.java:83)at regressionTestSuite.OldRegressionTestcase.MT1521(OldRegressionTestcase.java:1220)at sun.reflect.NativeMethodAccessorImpl.invoke0(Native Method)at sun.reflect.NativeMethodAccessorImpl.invoke(Unknown Source)at sun.reflect.DelegatingMethodAccessorImpl.invoke(Unknown Source)at java.lang.reflect.Method.invoke(Unknown Source)at org.testng.internal.MethodInvocationHelper.invokeMethod(MethodInvocationHelper.java:124)at org.testng.internal.Invoker.invokeMethod(Invoker.java:571)at org.testng.internal.Invoker.invokeTestMethod(Invoker.java:707)at org.testng.internal.Invoker.invokeTestMethods(Invoker.java:979)at org.testng.internal.TestMethodWorker.invokeTestMethods(TestMethodWorker.java:125)at org.testng.internal.TestMethodWorker.run(TestMethodWorker.java:109)at org.testng.TestRunner.privateRun(TestRunner.java:648)at org.testng.TestRunner.run(TestRunner.java:505)at org.testng.SuiteRunner.runTest(SuiteRunner.java:455)at org.testng.SuiteRunner.runSequentially(SuiteRunner.java:450)at org.testng.SuiteRunner.privateRun(SuiteRunner.java:415)at org.testng.SuiteRunner.run(SuiteRunner.java:364)at org.testng.SuiteRunnerWorker.runSuite(SuiteRunnerWorker.java:52)at org.testng.SuiteRunnerWorker.run(SuiteRunnerWorker.java:84)at org.testng.TestNG.runSuitesSequentially(TestNG.java:1187)at org.testng.TestNG.runSuitesLocally(TestNG.java:1116)at org.testng.TestNG.runSuites(TestNG.java:1028)at org.testng.TestNG.run(TestNG.java:996)at org.testng.remote.AbstractRemoteTestNG.run(AbstractRemoteTestNG.java:114)at org.testng.remote.RemoteTestNG.initAndRun(RemoteTestNG.java:251)at org.testng.remote.RemoteTestNG.main(RemoteTestNG.java:77)]]>
    </failure>
  </testcase> <!-- MT1521 -->
  <testcase name="MT1522" time="142.395" classname="regressionTestSuite.OldRegressionTestcase"/>
  <testcase name="MT1525" time="156.068" classname="regressionTestSuite.OldRegressionTestcase"/>
  <testcase name="MT1527" time="361.31" classname="regressionTestSuite.OldRegressionTestcase"/>
  <testcase name="MT1528" time="89.888" classname="regressionTestSuite.OldRegressionTestcase"/>
  <testcase name="MT1534" time="78.603" classname="regressionTestSuite.OldRegressionTestcase"/>
  <testcase name="MT838" time="432.121" classname="regressionTestSuite.OldRegressionTestcase"/>
</testsuite> <!-- Default test -->
