<html>
<head>
<title>TestNG:  Default test</title>
<link href="../testng.css" rel="stylesheet" type="text/css" />
<link href="../my-testng.css" rel="stylesheet" type="text/css" />

<style type="text/css">
.log { display: none;} 
.stack-trace { display: none;} 
</style>
<script type="text/javascript">
<!--
function flip(e) {
  current = e.style.display;
  if (current == 'block') {
    e.style.display = 'none';
    return 0;
  }
  else {
    e.style.display = 'block';
    return 1;
  }
}

function toggleBox(szDivId, elem, msg1, msg2)
{
  var res = -1;  if (document.getElementById) {
    res = flip(document.getElementById(szDivId));
  }
  else if (document.all) {
    // this is the way old msie versions work
    res = flip(document.all[szDivId]);
  }
  if(elem) {
    if(res == 0) elem.innerHTML = msg1; else elem.innerHTML = msg2;
  }

}

function toggleAllBoxes() {
  if (document.getElementsByTagName) {
    d = document.getElementsByTagName('div');
    for (i = 0; i < d.length; i++) {
      if (d[i].className == 'log') {
        flip(d[i]);
      }
    }
  }
}

// -->
</script>

</head>
<body>
<h2 align='center'>Default test</h2><table border='1' align="center">
<tr>
<td>Tests passed/Failed/Skipped:</td><td>17/1/0</td>
</tr><tr>
<td>Started on:</td><td>Thu Aug 02 00:30:59 PKT 2018</td>
</tr>
<tr><td>Total time:</td><td>1780 seconds (1780117 ms)</td>
</tr><tr>
<td>Included groups:</td><td></td>
</tr><tr>
<td>Excluded groups:</td><td></td>
</tr>
</table><p/>
<small><i>(Hover the method name to see the test class name)</i></small><p/>
<table width='100%' border='1' class='invocation-failed'>
<tr><td colspan='4' align='center'><b>FAILED TESTS</b></td></tr>
<tr><td><b>Test method</b></td>
<td width="30%"><b>Exception</b></td>
<td width="10%"><b>Time (seconds)</b></td>
<td><b>Instance</b></td>
</tr>
<tr>
<td title='regressionTestSuite.OldRegressionTestcase.MT1521()'><b>MT1521</b><br>Test class: regressionTestSuite.OldRegressionTestcase</td>
<td><div><pre>org.openqa.selenium.ElementNotInteractableException: Element &lt;button class=&quot;btn btn-default&quot; type=&quot;button&quot;&gt; could not be scrolled into view
Build info: version: &apos;3.11.0&apos;, revision: &apos;e59cfb3&apos;, time: &apos;2018-03-11T20:26:55.152Z&apos;
System info: host: &apos;DESKTOP-B75F35K&apos;, ip: &apos;10.0.2.15&apos;, os.name: &apos;Windows 10&apos;, os.arch: &apos;amd64&apos;, os.version: &apos;10.0&apos;, java.version: &apos;1.8.0_171&apos;
Driver info: org.openqa.selenium.firefox.FirefoxDriver
Capabilities {acceptInsecureCerts: true, browserName: firefox, browserVersion: 61.0.1, javascriptEnabled: true, moz:accessibilityChecks: false, moz:headless: false, moz:processID: 69440, moz:profile: C:\Users\bilaw\AppData\Loca..., moz:useNonSpecCompliantPointerOrigin: false, moz:webdriverClick: true, pageLoadStrategy: normal, platform: XP, platformName: XP, platformVersion: 10.0, rotatable: false, timeouts: {implicit: 0, pageLoad: 300000, script: 30000}}
Session ID: 87b497b4-b449-4d77-8d9f-0a6f9965952f
	at sun.reflect.NativeConstructorAccessorImpl.newInstance0(Native Method)
	at sun.reflect.NativeConstructorAccessorImpl.newInstance(Unknown Source)
	at sun.reflect.DelegatingConstructorAccessorImpl.newInstance(Unknown Source)
	at java.lang.reflect.Constructor.newInstance(Unknown Source)
	at org.openqa.selenium.remote.http.W3CHttpResponseCodec.createException(W3CHttpResponseCodec.java:187)
	at org.openqa.selenium.remote.http.W3CHttpResponseCodec.decode(W3CHttpResponseCodec.java:122)
	at org.openqa.selenium.remote.http.W3CHttpResponseCodec.decode(W3CHttpResponseCodec.java:49)
	at org.openqa.selenium.remote.HttpCommandExecutor.execute(HttpCommandExecutor.java:158)
	at org.openqa.selenium.remote.service.DriverCommandExecutor.execute(DriverCommandExecutor.java:83)
	at org.openqa.selenium.remote.RemoteWebDriver.execute(RemoteWebDriver.java:545)
	at org.openqa.selenium.remote.RemoteWebElement.execute(RemoteWebElement.java:279)
	at org.openqa.selenium.remote.RemoteWebElement.click(RemoteWebElement.java:83)
	at regressionTestSuite.OldRegressionTestcase.MT1521(OldRegressionTestcase.java:1220)
	at sun.reflect.NativeMethodAccessorImpl.invoke0(Native Method)
	at sun.reflect.NativeMethodAccessorImpl.invoke(Unknown Source)
	at sun.reflect.DelegatingMethodAccessorImpl.invoke(Unknown Source)
	at java.lang.reflect.Method.invoke(Unknown Source)
	at org.testng.internal.MethodInvocationHelper.invokeMethod(MethodInvocationHelper.java:124)
	at org.testng.internal.Invoker.invokeMethod(Invoker.java:571)
	at org.testng.internal.Invoker.invokeTestMethod(Invoker.java:707)
	at org.testng.internal.Invoker.invokeTestMethods(Invoker.java:979)
	at org.testng.internal.TestMethodWorker.invokeTestMethods(TestMethodWorker.java:125)
	at org.testng.internal.TestMethodWorker.run(TestMethodWorker.java:109)
	at org.testng.TestRunner.privateRun(TestRunner.java:648)
	at org.testng.TestRunner.run(TestRunner.java:505)
	at org.testng.SuiteRunner.runTest(SuiteRunner.java:455)
	at org.testng.SuiteRunner.runSequentially(SuiteRunner.java:450)
	at org.testng.SuiteRunner.privateRun(SuiteRunner.java:415)
	at org.testng.SuiteRunner.run(SuiteRunner.java:364)
	at org.testng.SuiteRunnerWorker.runSuite(SuiteRunnerWorker.java:52)
	at org.testng.SuiteRunnerWorker.run(SuiteRunnerWorker.java:84)
	at org.testng.TestNG.runSuitesSequentially(TestNG.java:1187)
	at org.testng.TestNG.runSuitesLocally(TestNG.java:1116)
	at org.testng.TestNG.runSuites(TestNG.java:1028)
	at org.testng.TestNG.run(TestNG.java:996)
	at org.testng.remote.AbstractRemoteTestNG.run(AbstractRemoteTestNG.java:114)
	at org.testng.remote.RemoteTestNG.initAndRun(RemoteTestNG.java:251)
	at org.testng.remote.RemoteTestNG.main(RemoteTestNG.java:77)
</pre></div><a href='#' onClick='toggleBox("stack-trace989889899", this, "Click to show all stack frames", "Click to hide stack frames")'>Click to show all stack frames</a>
<div class='stack-trace' id='stack-trace989889899'><pre>org.openqa.selenium.ElementNotInteractableException: Element &lt;button class=&quot;btn btn-default&quot; type=&quot;button&quot;&gt; could not be scrolled into view
Build info: version: &apos;3.11.0&apos;, revision: &apos;e59cfb3&apos;, time: &apos;2018-03-11T20:26:55.152Z&apos;
System info: host: &apos;DESKTOP-B75F35K&apos;, ip: &apos;10.0.2.15&apos;, os.name: &apos;Windows 10&apos;, os.arch: &apos;amd64&apos;, os.version: &apos;10.0&apos;, java.version: &apos;1.8.0_171&apos;
Driver info: org.openqa.selenium.firefox.FirefoxDriver
Capabilities {acceptInsecureCerts: true, browserName: firefox, browserVersion: 61.0.1, javascriptEnabled: true, moz:accessibilityChecks: false, moz:headless: false, moz:processID: 69440, moz:profile: C:\Users\bilaw\AppData\Loca..., moz:useNonSpecCompliantPointerOrigin: false, moz:webdriverClick: true, pageLoadStrategy: normal, platform: XP, platformName: XP, platformVersion: 10.0, rotatable: false, timeouts: {implicit: 0, pageLoad: 300000, script: 30000}}
Session ID: 87b497b4-b449-4d77-8d9f-0a6f9965952f
	at sun.reflect.NativeConstructorAccessorImpl.newInstance0(Native Method)
	at sun.reflect.NativeConstructorAccessorImpl.newInstance(Unknown Source)
	at sun.reflect.DelegatingConstructorAccessorImpl.newInstance(Unknown Source)
	at java.lang.reflect.Constructor.newInstance(Unknown Source)
	at org.openqa.selenium.remote.http.W3CHttpResponseCodec.createException(W3CHttpResponseCodec.java:187)
	at org.openqa.selenium.remote.http.W3CHttpResponseCodec.decode(W3CHttpResponseCodec.java:122)
	at org.openqa.selenium.remote.http.W3CHttpResponseCodec.decode(W3CHttpResponseCodec.java:49)
	at org.openqa.selenium.remote.HttpCommandExecutor.execute(HttpCommandExecutor.java:158)
	at org.openqa.selenium.remote.service.DriverCommandExecutor.execute(DriverCommandExecutor.java:83)
	at org.openqa.selenium.remote.RemoteWebDriver.execute(RemoteWebDriver.java:545)
	at org.openqa.selenium.remote.RemoteWebElement.execute(RemoteWebElement.java:279)
	at org.openqa.selenium.remote.RemoteWebElement.click(RemoteWebElement.java:83)
	at regressionTestSuite.OldRegressionTestcase.MT1521(OldRegressionTestcase.java:1220)
	at sun.reflect.NativeMethodAccessorImpl.invoke0(Native Method)
	at sun.reflect.NativeMethodAccessorImpl.invoke(Unknown Source)
	at sun.reflect.DelegatingMethodAccessorImpl.invoke(Unknown Source)
	at java.lang.reflect.Method.invoke(Unknown Source)
	at org.testng.internal.MethodInvocationHelper.invokeMethod(MethodInvocationHelper.java:124)
	at org.testng.internal.Invoker.invokeMethod(Invoker.java:571)
	at org.testng.internal.Invoker.invokeTestMethod(Invoker.java:707)
	at org.testng.internal.Invoker.invokeTestMethods(Invoker.java:979)
	at org.testng.internal.TestMethodWorker.invokeTestMethods(TestMethodWorker.java:125)
	at org.testng.internal.TestMethodWorker.run(TestMethodWorker.java:109)
	at org.testng.TestRunner.privateRun(TestRunner.java:648)
	at org.testng.TestRunner.run(TestRunner.java:505)
	at org.testng.SuiteRunner.runTest(SuiteRunner.java:455)
	at org.testng.SuiteRunner.runSequentially(SuiteRunner.java:450)
	at org.testng.SuiteRunner.privateRun(SuiteRunner.java:415)
	at org.testng.SuiteRunner.run(SuiteRunner.java:364)
	at org.testng.SuiteRunnerWorker.runSuite(SuiteRunnerWorker.java:52)
	at org.testng.SuiteRunnerWorker.run(SuiteRunnerWorker.java:84)
	at org.testng.TestNG.runSuitesSequentially(TestNG.java:1187)
	at org.testng.TestNG.runSuitesLocally(TestNG.java:1116)
	at org.testng.TestNG.runSuites(TestNG.java:1028)
	at org.testng.TestNG.run(TestNG.java:996)
	at org.testng.remote.AbstractRemoteTestNG.run(AbstractRemoteTestNG.java:114)
	at org.testng.remote.RemoteTestNG.initAndRun(RemoteTestNG.java:251)
	at org.testng.remote.RemoteTestNG.main(RemoteTestNG.java:77)
</pre></div></td>
<td>75</td>
<td>regressionTestSuite.OldRegressionTestcase@48aaecc3</td></tr>
</table><p>
<table width='100%' border='1' class='invocation-passed'>
<tr><td colspan='4' align='center'><b>PASSED TESTS</b></td></tr>
<tr><td><b>Test method</b></td>
<td width="30%"><b>Exception</b></td>
<td width="10%"><b>Time (seconds)</b></td>
<td><b>Instance</b></td>
</tr>
<tr>
<td title='regressionTestSuite.OldRegressionTestcase.MT1519()'><b>MT1519</b><br>Test class: regressionTestSuite.OldRegressionTestcase</td>
<td></td>
<td>81</td>
<td>regressionTestSuite.OldRegressionTestcase@48aaecc3</td></tr>
<tr>
<td title='regressionTestSuite.OldRegressionTestcase.MT1520()'><b>MT1520</b><br>Test class: regressionTestSuite.OldRegressionTestcase</td>
<td></td>
<td>48</td>
<td>regressionTestSuite.OldRegressionTestcase@48aaecc3</td></tr>
<tr>
<td title='regressionTestSuite.OldRegressionTestcase.MT1522()'><b>MT1522</b><br>Test class: regressionTestSuite.OldRegressionTestcase</td>
<td></td>
<td>142</td>
<td>regressionTestSuite.OldRegressionTestcase@48aaecc3</td></tr>
<tr>
<td title='regressionTestSuite.OldRegressionTestcase.MT1525()'><b>MT1525</b><br>Test class: regressionTestSuite.OldRegressionTestcase</td>
<td></td>
<td>156</td>
<td>regressionTestSuite.OldRegressionTestcase@48aaecc3</td></tr>
<tr>
<td title='regressionTestSuite.OldRegressionTestcase.MT1526()'><b>MT1526</b><br>Test class: regressionTestSuite.OldRegressionTestcase</td>
<td></td>
<td>-1399</td>
<td>regressionTestSuite.OldRegressionTestcase@48aaecc3</td></tr>
<tr>
<td title='regressionTestSuite.OldRegressionTestcase.MT1527()'><b>MT1527</b><br>Test class: regressionTestSuite.OldRegressionTestcase</td>
<td></td>
<td>361</td>
<td>regressionTestSuite.OldRegressionTestcase@48aaecc3</td></tr>
<tr>
<td title='regressionTestSuite.OldRegressionTestcase.MT1528()'><b>MT1528</b><br>Test class: regressionTestSuite.OldRegressionTestcase</td>
<td></td>
<td>89</td>
<td>regressionTestSuite.OldRegressionTestcase@48aaecc3</td></tr>
<tr>
<td title='regressionTestSuite.OldRegressionTestcase.MT1534()'><b>MT1534</b><br>Test class: regressionTestSuite.OldRegressionTestcase</td>
<td></td>
<td>78</td>
<td>regressionTestSuite.OldRegressionTestcase@48aaecc3</td></tr>
<tr>
<td title='regressionTestSuite.OldRegressionTestcase.MT1535()'><b>MT1535</b><br>Test class: regressionTestSuite.OldRegressionTestcase</td>
<td></td>
<td>222</td>
<td>regressionTestSuite.OldRegressionTestcase@48aaecc3</td></tr>
<tr>
<td title='regressionTestSuite.OldRegressionTestcase.MT728()'><b>MT728</b><br>Test class: regressionTestSuite.OldRegressionTestcase</td>
<td></td>
<td>122</td>
<td>regressionTestSuite.OldRegressionTestcase@48aaecc3</td></tr>
<tr>
<td title='regressionTestSuite.OldRegressionTestcase.MT729()'><b>MT729</b><br>Test class: regressionTestSuite.OldRegressionTestcase</td>
<td></td>
<td>488</td>
<td>regressionTestSuite.OldRegressionTestcase@48aaecc3</td></tr>
<tr>
<td title='regressionTestSuite.OldRegressionTestcase.MT730()'><b>MT730</b><br>Test class: regressionTestSuite.OldRegressionTestcase</td>
<td></td>
<td>139</td>
<td>regressionTestSuite.OldRegressionTestcase@48aaecc3</td></tr>
<tr>
<td title='regressionTestSuite.OldRegressionTestcase.MT731()'><b>MT731</b><br>Test class: regressionTestSuite.OldRegressionTestcase</td>
<td></td>
<td>170</td>
<td>regressionTestSuite.OldRegressionTestcase@48aaecc3</td></tr>
<tr>
<td title='regressionTestSuite.OldRegressionTestcase.MT837()'><b>MT837</b><br>Test class: regressionTestSuite.OldRegressionTestcase</td>
<td></td>
<td>248</td>
<td>regressionTestSuite.OldRegressionTestcase@48aaecc3</td></tr>
<tr>
<td title='regressionTestSuite.OldRegressionTestcase.MT838()'><b>MT838</b><br>Test class: regressionTestSuite.OldRegressionTestcase</td>
<td></td>
<td>432</td>
<td>regressionTestSuite.OldRegressionTestcase@48aaecc3</td></tr>
<tr>
<td title='regressionTestSuite.OldRegressionTestcase.MT839()'><b>MT839</b><br>Test class: regressionTestSuite.OldRegressionTestcase</td>
<td></td>
<td>286</td>
<td>regressionTestSuite.OldRegressionTestcase@48aaecc3</td></tr>
<tr>
<td title='regressionTestSuite.OldRegressionTestcase.MT840()'><b>MT840</b><br>Test class: regressionTestSuite.OldRegressionTestcase</td>
<td></td>
<td>36</td>
<td>regressionTestSuite.OldRegressionTestcase@48aaecc3</td></tr>
</table><p>
</body>
</html>